[ruin.lol/x.html]
[backblue.gif]
[fade.gif]
[index.html]
[r2.ruin.lol/rU8xbwtazX1wUyao.jpg]
[ruin.lol/src/bio2624e.css]
[cdnjs.cloudflare.com/ajax/libs/jquery/3.7.1/jquery.min.js]
[cdnjs.cloudflare.com/ajax/libs/toastr.js/2.1.4/toastr.min.js]
[cdn.jsdelivr.net/gh/StephanWagner/jBox@v1.3.2/dist/jBox.all.min.js]
[ruin.lol/src/tooltips.css]
[files.catbox.moe/92du1e.png]
[files.catbox.moe/vcoq65.png]
[files.catbox.moe/38g059.png]
[files.catbox.moe/8fa3c4.png]
[files.catbox.moe/82qf8b.png]
[ruin.lol/src/js/bio624e.js]
[ruin.lol/cdn-cgi/challenge-platform/h/b/scripts/jsd/c7e29c8c8b6e/main.js]
[ruin.lol/src/js/cursorEffects.js]
[ruin.lol/x.html]
[ruin.lol/src/bio2624e.css]
[ruin.lol/src/tooltips.css]
[cdn.jsdelivr.net/particles.js/2.0.0/particles.min.js]
